-------------------------------------------------------------------------------
Test set: runners.AmazonParallelRunner
-------------------------------------------------------------------------------
Tests run: 1, Failures: 0, Errors: 1, Skipped: 0, Time elapsed: 0.016 s <<< FAILURE! - in runners.AmazonParallelRunner
initializationError(runners.AmazonParallelRunner)  Time elapsed: 0.016 s  <<< ERROR!
java.lang.IllegalArgumentException: Not a file or directory: C:\Users\Julietta\IdeaProjects\ParallelTestingpractice\src\resources\features\amazon.feature

