-------------------------------------------------------------------------------
Test set: runners.GoogleParallelRunner
-------------------------------------------------------------------------------
Tests run: 1, Failures: 0, Errors: 1, Skipped: 0, Time elapsed: 0.024 s <<< FAILURE! - in runners.GoogleParallelRunner
initializationError(runners.GoogleParallelRunner)  Time elapsed: 0.024 s  <<< ERROR!
java.lang.IllegalArgumentException: Not a file or directory: C:\Users\Julietta\IdeaProjects\ParallelTestingpractice\src\resources\features\google.feature

